2023/10/01 19:41:39 にビルドを開始しました。
ログの詳細度は次のように設定されています: Normal。     1>ノード 2 上のプロジェクト "C:\k021g1266\Alice - コピー\Engine\AliceUtility\AliceUtility.vcxproj" (Build ターゲット)。
     1>PrepareForBuild:
         ディレクトリ "C:\k021g1266\Alice - コピー\..\Generated\Lib\Release\" を作成しています。
       InitializeBuildStatus:
         "AlwaysCreate" が指定されたため "x64\Release\AliceUtility.tlog\unsuccessfulbuild" を作成しています。
         "x64\Release\AliceUtility.tlog\unsuccessfulbuild" のタッチ タスクを実行しています。
       ClCompile:
         C:\Program Files\Microsoft Visual Studio\2022\Community\VC\Tools\MSVC\14.37.32822\bin\HostX64\x64\CL.exe /c /I"C:\k021g1266\Alice - コピー\Engine\AliceUtility\Include" /Zi /nologo /Wall /WX- /diagnostics:column /sdl /O2 /Oi /GL /D NDEBUG /D _LIB /D _UNICODE /D UNICODE /Gm- /EHsc /MT /GS /Gy /fp:precise /Zc:wchar_t /Zc:forScope /Zc:inline /std:c++20 /permissive- /Fo"x64\Release\\" /Fd"C:\k021g1266\Alice - コピー\..\Generated\Lib\Release\AliceUtility.pdb" /external:W4 /Gd /TP /FC /errorReport:prompt /utf-8 Source\AliceAssert.cpp Source\Bit.cpp Source\Defined.cpp Source\FileUtility.cpp Source\StringUtility.cpp
         AliceAssert.cpp
         Bit.cpp
         Defined.cpp
         FileUtility.cpp
         StringUtility.cpp
       Lib:
         C:\Program Files\Microsoft Visual Studio\2022\Community\VC\Tools\MSVC\14.37.32822\bin\HostX64\x64\Lib.exe /OUT:"C:\k021g1266\Alice - コピー\..\Generated\Lib\Release\AliceUtility.lib" /NOLOGO /MACHINE:X64 /LTCG x64\Release\AliceAssert.obj
         x64\Release\Bit.obj
         x64\Release\Defined.obj
         x64\Release\FileUtility.obj
         x64\Release\StringUtility.obj
         AliceUtility.vcxproj -> C:\k021g1266\Generated\Lib\Release\AliceUtility.lib
       TlogCleanup:
         プロジェクトまたはビルドから削除された tlog から次の項目を削除しています: C:\k021g1266\engine\Alice - コピー\Engine\AliceUtility\Source\AliceAssert.cpp
       FinalizeBuildStatus:
         ファイル "x64\Release\AliceUtility.tlog\unsuccessfulbuild" を削除しています。
         "x64\Release\AliceUtility.tlog\AliceUtility.lastbuildstate" のタッチ タスクを実行しています。
     1>プロジェクト "C:\k021g1266\Alice - コピー\Engine\AliceUtility\AliceUtility.vcxproj" (Build ターゲット) のビルドが完了しました。

ビルドに成功しました。
    0 個の警告
    0 エラー

経過時間 00:00:03.36
